2019-02-17 14:41:23,342 WARN  [org.jboss.as.domain.management.security] (MSC service thread 1-7) WFLYDM0111: Keystore D:\Ecole\3e année\JSP\JSP-master\WildFly\wildfly-15.0.1.Final\standalone\configuration\application.keystore not found, it will be auto generated on first use with a self signed certificate for host localhost
2019-02-17 14:41:23,354 INFO  [org.jboss.as.server.deployment.scanner] (MSC service thread 1-2) WFLYDS0013: Started FileSystemDeploymentService for directory D:\Ecole\3e année\JSP\JSP-master\WildFly\wildfly-15.0.1.Final\standalone\deployments
2019-02-17 14:41:23,365 INFO  [org.jboss.as.server.deployment] (MSC service thread 1-7) WFLYSRV0027: Starting deployment of "ProjetEE.ear" (runtime-name: "ProjetEE.ear")
2019-02-17 14:41:23,365 INFO  [org.jboss.as.server.deployment] (MSC service thread 1-8) WFLYSRV0027: Starting deployment of "ProjetEE-war.war" (runtime-name: "ProjetEE-war.war")
2019-02-17 14:41:23,443 INFO  [org.wildfly.extension.undertow] (MSC service thread 1-6) WFLYUT0006: Undertow HTTPS listener https listening on 127.0.0.1:8443
2019-02-17 14:41:23,469 INFO  [org.apache.activemq.artemis.core.server] (ServerService Thread Pool -- 81) AMQ221000: live Message Broker is starting with configuration Broker Configuration (clustered=false,journalDirectory=D:\Ecole\3e année\JSP\JSP-master\WildFly\wildfly-15.0.1.Final\standalone\data\activemq\journal,bindingsDirectory=D:\Ecole\3e année\JSP\JSP-master\WildFly\wildfly-15.0.1.Final\standalone\data\activemq\bindings,largeMessagesDirectory=D:\Ecole\3e année\JSP\JSP-master\WildFly\wildfly-15.0.1.Final\standalone\data\activemq\largemessages,pagingDirectory=D:\Ecole\3e année\JSP\JSP-master\WildFly\wildfly-15.0.1.Final\standalone\data\activemq\paging)
2019-02-17 14:41:23,505 INFO  [org.apache.activemq.artemis.core.server] (ServerService Thread Pool -- 81) AMQ221013: Using NIO Journal
2019-02-17 14:41:23,560 INFO  [org.apache.activemq.artemis.core.server] (ServerService Thread Pool -- 81) AMQ221057: Global Max Size is being adjusted to 1/2 of the JVM max size (-Xmx). being defined as 268 435 456
2019-02-17 14:41:23,601 INFO  [org.apache.activemq.artemis.core.server] (ServerService Thread Pool -- 81) AMQ221043: Protocol module found: [artemis-server]. Adding protocol support for: CORE
2019-02-17 14:41:23,602 INFO  [org.apache.activemq.artemis.core.server] (ServerService Thread Pool -- 81) AMQ221043: Protocol module found: [artemis-amqp-protocol]. Adding protocol support for: AMQP
2019-02-17 14:41:23,603 INFO  [org.apache.activemq.artemis.core.server] (ServerService Thread Pool -- 81) AMQ221043: Protocol module found: [artemis-hornetq-protocol]. Adding protocol support for: HORNETQ
2019-02-17 14:41:23,603 INFO  [org.apache.activemq.artemis.core.server] (ServerService Thread Pool -- 81) AMQ221043: Protocol module found: [artemis-stomp-protocol]. Adding protocol support for: STOMP
2019-02-17 14:41:23,638 INFO  [org.apache.activemq.artemis.core.server] (ServerService Thread Pool -- 81) AMQ221034: Waiting indefinitely to obtain live lock
2019-02-17 14:41:23,638 INFO  [org.apache.activemq.artemis.core.server] (ServerService Thread Pool -- 81) AMQ221035: Live Server Obtained live lock
2019-02-17 14:41:24,496 INFO  [org.wildfly.extension.messaging-activemq] (MSC service thread 1-2) WFLYMSGAMQ0016: Registered HTTP upgrade for activemq-remoting protocol handled by http-acceptor-throughput acceptor
2019-02-17 14:41:24,496 INFO  [org.wildfly.extension.messaging-activemq] (MSC service thread 1-5) WFLYMSGAMQ0016: Registered HTTP upgrade for activemq-remoting protocol handled by http-acceptor acceptor
2019-02-17 14:41:24,500 INFO  [org.wildfly.extension.messaging-activemq] (MSC service thread 1-6) WFLYMSGAMQ0016: Registered HTTP upgrade for activemq-remoting protocol handled by http-acceptor acceptor
2019-02-17 14:41:24,500 INFO  [org.wildfly.extension.messaging-activemq] (MSC service thread 1-8) WFLYMSGAMQ0016: Registered HTTP upgrade for activemq-remoting protocol handled by http-acceptor-throughput acceptor
2019-02-17 14:41:24,795 INFO  [org.apache.activemq.artemis.core.server] (ServerService Thread Pool -- 81) AMQ221007: Server is now live
2019-02-17 14:41:24,795 INFO  [org.apache.activemq.artemis.core.server] (ServerService Thread Pool -- 81) AMQ221001: Apache ActiveMQ Artemis Message Broker version 2.6.3.jbossorg-00014 [default, nodeID=b594f09d-257c-11e9-bea5-02423a1f1301] 
2019-02-17 14:41:24,862 INFO  [org.wildfly.extension.messaging-activemq] (ServerService Thread Pool -- 83) WFLYMSGAMQ0002: Bound messaging object to jndi name java:jboss/exported/jms/RemoteConnectionFactory
2019-02-17 14:41:24,868 INFO  [org.wildfly.extension.messaging-activemq] (ServerService Thread Pool -- 84) WFLYMSGAMQ0002: Bound messaging object to jndi name java:/ConnectionFactory
2019-02-17 14:41:24,918 INFO  [org.jboss.as.connector.deployment] (MSC service thread 1-5) WFLYJCA0007: Registered connection factory java:/JmsXA
2019-02-17 14:41:24,935 INFO  [org.jboss.as.connector.deployment] (MSC service thread 1-4) WFLYJCA0119: Unbinding connection factory named java:/JmsXA to alias java:jboss/DefaultJMSConnectionFactory
2019-02-17 14:41:24,930 INFO  [org.jboss.as.connector.deployment] (MSC service thread 1-8) WFLYJCA0011: Unbound JCA ConnectionFactory [java:/JmsXA]
2019-02-17 14:41:25,093 INFO  [org.apache.activemq.artemis.ra] (MSC service thread 1-5) AMQ151007: Resource adaptor started
2019-02-17 14:41:25,095 INFO  [org.jboss.as.connector.services.resourceadapters.ResourceAdapterActivatorService$ResourceAdapterActivator] (MSC service thread 1-5) IJ020002: Deployed: file://RaActivatoractivemq-ra
2019-02-17 14:41:25,104 INFO  [org.jboss.as.connector.deployment] (MSC service thread 1-3) WFLYJCA0002: Bound JCA ConnectionFactory [java:/JmsXA]
2019-02-17 14:41:25,106 INFO  [org.jboss.as.connector.deployment] (MSC service thread 1-6) WFLYJCA0118: Binding connection factory named java:/JmsXA to alias java:jboss/DefaultJMSConnectionFactory
2019-02-17 14:41:25,210 INFO  [org.jboss.as.server.deployment] (MSC service thread 1-3) WFLYSRV0207: Starting subdeployment (runtime-name: "ProjetEE-war.war")
2019-02-17 14:41:26,781 INFO  [org.jboss.ws.common.management] (MSC service thread 1-1) JBWS022052: Starting JBossWS 5.2.4.Final (Apache CXF 3.2.5.jbossorg-1) 
2019-02-17 14:41:30,156 INFO  [org.infinispan.factories.GlobalComponentRegistry] (MSC service thread 1-8) ISPN000128: Infinispan version: Infinispan 'Infinity Minus ONE +2' 9.4.3.Final
2019-02-17 14:41:30,667 INFO  [org.jboss.as.clustering.infinispan] (ServerService Thread Pool -- 84) WFLYCLINF0002: Started client-mappings cache from ejb container
2019-02-17 14:41:33,533 ERROR [org.jboss.msc.service.fail] (MSC service thread 1-6) MSC000001: Failed to start service jboss.deployment.unit."ProjetEE-war.war".INSTALL: org.jboss.msc.service.StartException in service jboss.deployment.unit."ProjetEE-war.war".INSTALL: WFLYSRV0153: Failed to process phase INSTALL of deployment "ProjetEE-war.war"
	at org.jboss.as.server@7.0.0.Final//org.jboss.as.server.deployment.DeploymentUnitPhaseService.start(DeploymentUnitPhaseService.java:151)
	at org.jboss.msc@1.4.5.Final//org.jboss.msc.service.ServiceControllerImpl$StartTask.startService(ServiceControllerImpl.java:1738)
	at org.jboss.msc@1.4.5.Final//org.jboss.msc.service.ServiceControllerImpl$StartTask.execute(ServiceControllerImpl.java:1700)
	at org.jboss.msc@1.4.5.Final//org.jboss.msc.service.ServiceControllerImpl$ControllerTask.run(ServiceControllerImpl.java:1558)
	at org.jboss.threads@2.3.2.Final//org.jboss.threads.ContextClassLoaderSavingRunnable.run(ContextClassLoaderSavingRunnable.java:35)
	at org.jboss.threads@2.3.2.Final//org.jboss.threads.EnhancedQueueExecutor.safeRun(EnhancedQueueExecutor.java:1985)
	at org.jboss.threads@2.3.2.Final//org.jboss.threads.EnhancedQueueExecutor$ThreadBody.doRunTask(EnhancedQueueExecutor.java:1487)
	at org.jboss.threads@2.3.2.Final//org.jboss.threads.EnhancedQueueExecutor$ThreadBody.run(EnhancedQueueExecutor.java:1364)
	at java.base/java.lang.Thread.run(Thread.java:834)
Caused by: org.jboss.msc.service.DuplicateServiceException: Service jboss.undertow.deployment.default-server.default-host./ProjetEE-war.UndertowDeploymentInfoService is already registered
	at org.jboss.msc@1.4.5.Final//org.jboss.msc.service.ServiceRegistrationImpl.setInstance(ServiceRegistrationImpl.java:111)
	at org.jboss.msc@1.4.5.Final//org.jboss.msc.service.ServiceControllerImpl.startInstallation(ServiceControllerImpl.java:245)
	at org.jboss.msc@1.4.5.Final//org.jboss.msc.service.ServiceContainerImpl.install(ServiceContainerImpl.java:757)
	at org.jboss.msc@1.4.5.Final//org.jboss.msc.service.ServiceTargetImpl.install(ServiceTargetImpl.java:260)
	at org.jboss.msc@1.4.5.Final//org.jboss.msc.service.ServiceControllerImpl$ChildServiceTarget.install(ServiceControllerImpl.java:2058)
	at org.jboss.msc@1.4.5.Final//org.jboss.msc.service.ServiceTargetImpl.install(ServiceTargetImpl.java:260)
	at org.jboss.msc@1.4.5.Final//org.jboss.msc.service.ServiceControllerImpl$ChildServiceTarget.install(ServiceControllerImpl.java:2058)
	at org.jboss.msc@1.4.5.Final//org.jboss.msc.service.ServiceBuilderImpl.install(ServiceBuilderImpl.java:189)
	at org.wildfly.extension.undertow@15.0.1.Final//org.wildfly.extension.undertow.deployment.UndertowDeploymentProcessor.processDeployment(UndertowDeploymentProcessor.java:412)
	at org.wildfly.extension.undertow@15.0.1.Final//org.wildfly.extension.undertow.deployment.UndertowDeploymentProcessor.deploy(UndertowDeploymentProcessor.java:190)
	at org.jboss.as.server@7.0.0.Final//org.jboss.as.server.deployment.DeploymentUnitPhaseService.start(DeploymentUnitPhaseService.java:144)
	... 8 more

2019-02-17 14:41:33,629 INFO  [org.wildfly.extension.undertow] (ServerService Thread Pool -- 83) WFLYUT0021: Registered web context: '/ProjetEE-war' for server 'default-server'
2019-02-17 14:41:33,635 ERROR [org.jboss.as.controller.management-operation] (Controller Boot Thread) WFLYCTL0013: Operation ("deploy") failed - address: ([("deployment" => "ProjetEE-war.war")]) - failure description: {"WFLYCTL0080: Failed services" => {"jboss.deployment.unit.\"ProjetEE-war.war\".INSTALL" => "WFLYSRV0153: Failed to process phase INSTALL of deployment \"ProjetEE-war.war\"
    Caused by: org.jboss.msc.service.DuplicateServiceException: Service jboss.undertow.deployment.default-server.default-host./ProjetEE-war.UndertowDeploymentInfoService is already registered"}}
2019-02-17 14:41:33,661 INFO  [org.jboss.as.server] (ServerService Thread Pool -- 46) WFLYSRV0010: Deployed "ProjetEE.ear" (runtime-name : "ProjetEE.ear")
2019-02-17 14:41:33,662 INFO  [org.jboss.as.server] (ServerService Thread Pool -- 46) WFLYSRV0010: Deployed "ProjetEE-war.war" (runtime-name : "ProjetEE-war.war")
2019-02-17 14:41:33,664 INFO  [org.jboss.as.controller] (Controller Boot Thread) WFLYCTL0183: Service status report
WFLYCTL0186:   Services which failed to start:      service jboss.deployment.unit."ProjetEE-war.war".INSTALL: WFLYSRV0153: Failed to process phase INSTALL of deployment "ProjetEE-war.war"

2019-02-17 14:41:33,779 INFO  [org.jboss.as.server] (Controller Boot Thread) WFLYSRV0212: Resuming server
2019-02-17 14:41:33,783 INFO  [org.jboss.as] (Controller Boot Thread) WFLYSRV0060: Http management interface listening on http://127.0.0.1:9990/management
2019-02-17 14:41:33,783 INFO  [org.jboss.as] (Controller Boot Thread) WFLYSRV0051: Admin console listening on http://127.0.0.1:9990
2019-02-17 14:41:33,783 ERROR [org.jboss.as] (Controller Boot Thread) WFLYSRV0026: WildFly Full 15.0.1.Final (WildFly Core 7.0.0.Final) started (with errors) in 42565ms - Started 521 of 708 services (1 services failed or missing dependencies, 348 services are lazy, passive or on-demand)
